2022/04/07 15:43:53 [error] 30#30: *69 FastCGI sent in stderr: "Primary script unknown" while reading response header from upstream, client: 172.23.0.1, server: azzera.chunhan, request: "GET /phpmyadmin/index.php HTTP/1.1", upstream: "fastcgi://172.23.0.3:9000", host: "127.0.0.1"
2022/04/07 16:15:18 [error] 30#30: *272 upstream timed out (110: Connection timed out) while reading response header from upstream, client: 172.23.0.1, server: azzera.chunhan, request: "POST /wp-admin/admin-ajax.php HTTP/1.1", upstream: "fastcgi://172.23.0.3:9000", host: "azzera.chunhan", referrer: "http://azzera.chunhan/wp-admin/plugin-install.php?s=woocommerce&tab=search&type=term"
2022/04/07 16:17:22 [error] 30#30: *274 upstream timed out (110: Connection timed out) while reading upstream, client: 172.23.0.1, server: azzera.chunhan, request: "GET /wp-admin/update.php?action=install-plugin&plugin=woocommerce&_wpnonce=be71049cb4 HTTP/1.1", upstream: "fastcgi://172.23.0.3:9000", host: "azzera.chunhan", referrer: "http://azzera.chunhan/wp-admin/plugin-install.php?s=woocommerce&tab=search&type=term"
2022/04/07 16:23:21 [error] 31#31: *312 upstream timed out (110: Connection timed out) while reading response header from upstream, client: 172.23.0.1, server: azzera.chunhan, request: "POST /wp-admin/admin-ajax.php HTTP/1.1", upstream: "fastcgi://172.23.0.3:9000", host: "azzera.chunhan", referrer: "http://azzera.chunhan/wp-admin/plugin-install.php?s=Woocommerce&tab=search&type=term"
2022/04/07 16:26:25 [warn] 44#44: conflicting server name "index" on 0.0.0.0:80, ignored
2022/04/07 16:26:25 [warn] 44#44: conflicting server name "index.php" on 0.0.0.0:80, ignored
2022/04/07 16:26:25 [warn] 44#44: conflicting server name "index.html" on 0.0.0.0:80, ignored
2022/04/07 16:26:25 [notice] 44#44: signal process started
2022/04/07 16:26:25 [notice] 1#1: signal 15 (SIGTERM) received from 44, exiting
2022/04/07 16:26:25 [notice] 31#31: exiting
2022/04/07 16:26:25 [notice] 30#30: exiting
2022/04/07 16:26:25 [notice] 31#31: exit
2022/04/07 16:26:25 [notice] 30#30: exit
2022/04/07 16:26:25 [notice] 1#1: signal 17 (SIGCHLD) received from 30
2022/04/07 16:26:25 [notice] 1#1: worker process 30 exited with code 0
2022/04/07 16:26:25 [notice] 1#1: worker process 31 exited with code 0
2022/04/07 16:26:25 [notice] 1#1: exit
2022/04/07 16:26:59 [warn] 1#1: conflicting server name "index" on 0.0.0.0:80, ignored
2022/04/07 16:26:59 [warn] 1#1: conflicting server name "index.php" on 0.0.0.0:80, ignored
2022/04/07 16:26:59 [warn] 1#1: conflicting server name "index.html" on 0.0.0.0:80, ignored
2022/04/07 16:26:59 [notice] 1#1: using the "epoll" event method
2022/04/07 16:26:59 [notice] 1#1: nginx/1.21.6
2022/04/07 16:26:59 [notice] 1#1: built by gcc 10.2.1 20210110 (Debian 10.2.1-6) 
2022/04/07 16:26:59 [notice] 1#1: OS: Linux 5.10.47-linuxkit
2022/04/07 16:26:59 [notice] 1#1: getrlimit(RLIMIT_NOFILE): 1048576:1048576
2022/04/07 16:26:59 [notice] 1#1: start worker processes
2022/04/07 16:26:59 [notice] 1#1: start worker process 29
2022/04/07 16:26:59 [notice] 1#1: start worker process 30
2022/04/07 16:29:48 [notice] 1#1: signal 3 (SIGQUIT) received, shutting down
2022/04/07 16:29:48 [notice] 30#30: gracefully shutting down
2022/04/07 16:29:48 [notice] 29#29: gracefully shutting down
2022/04/08 14:30:04 [warn] 1#1: conflicting server name "index" on 0.0.0.0:80, ignored
2022/04/08 14:30:04 [warn] 1#1: conflicting server name "index.php" on 0.0.0.0:80, ignored
2022/04/08 14:30:04 [warn] 1#1: conflicting server name "index.html" on 0.0.0.0:80, ignored
2022/04/08 14:30:04 [notice] 1#1: using the "epoll" event method
2022/04/08 14:30:04 [notice] 1#1: nginx/1.21.6
2022/04/08 14:30:04 [notice] 1#1: built by gcc 10.2.1 20210110 (Debian 10.2.1-6) 
2022/04/08 14:30:04 [notice] 1#1: OS: Linux 5.10.104-linuxkit
2022/04/08 14:30:04 [notice] 1#1: getrlimit(RLIMIT_NOFILE): 1048576:1048576
2022/04/08 14:30:04 [notice] 1#1: start worker processes
2022/04/08 14:30:04 [notice] 1#1: start worker process 30
2022/04/08 14:30:04 [notice] 1#1: start worker process 31
2022/04/08 14:43:08 [notice] 1#1: signal 3 (SIGQUIT) received, shutting down
2022/04/08 14:43:08 [notice] 30#30: gracefully shutting down
2022/04/08 14:43:08 [notice] 31#31: gracefully shutting down
2022/04/08 14:43:09 [notice] 31#31: exiting
2022/04/08 14:43:09 [notice] 31#31: exit
2022/04/08 14:43:09 [notice] 1#1: signal 17 (SIGCHLD) received from 31
2022/04/08 14:43:09 [notice] 1#1: worker process 31 exited with code 0
2022/04/08 14:43:09 [notice] 1#1: signal 29 (SIGIO) received
2022/04/08 14:43:35 [warn] 1#1: conflicting server name "index" on 0.0.0.0:80, ignored
2022/04/08 14:43:35 [warn] 1#1: conflicting server name "index.php" on 0.0.0.0:80, ignored
2022/04/08 14:43:35 [warn] 1#1: conflicting server name "index.html" on 0.0.0.0:80, ignored
2022/04/08 14:43:35 [notice] 1#1: using the "epoll" event method
2022/04/08 14:43:35 [notice] 1#1: nginx/1.21.6
2022/04/08 14:43:35 [notice] 1#1: built by gcc 10.2.1 20210110 (Debian 10.2.1-6) 
2022/04/08 14:43:35 [notice] 1#1: OS: Linux 5.10.104-linuxkit
2022/04/08 14:43:35 [notice] 1#1: getrlimit(RLIMIT_NOFILE): 1048576:1048576
2022/04/08 14:43:35 [notice] 1#1: start worker processes
2022/04/08 14:43:35 [notice] 1#1: start worker process 31
2022/04/08 14:43:35 [notice] 1#1: start worker process 32
2022/04/08 15:00:39 [notice] 1#1: signal 3 (SIGQUIT) received, shutting down
2022/04/08 15:00:39 [notice] 32#32: gracefully shutting down
2022/04/08 15:00:39 [notice] 31#31: gracefully shutting down
2022/04/08 15:00:39 [notice] 32#32: exiting
2022/04/08 15:00:39 [notice] 31#31: exiting
2022/04/08 15:00:39 [notice] 31#31: exit
2022/04/08 15:00:39 [notice] 32#32: exit
2022/04/08 15:00:39 [notice] 1#1: signal 17 (SIGCHLD) received from 31
2022/04/08 15:00:39 [notice] 1#1: worker process 31 exited with code 0
2022/04/08 15:00:39 [notice] 1#1: signal 29 (SIGIO) received
2022/04/08 15:00:39 [notice] 1#1: signal 17 (SIGCHLD) received from 32
2022/04/08 15:00:39 [notice] 1#1: worker process 32 exited with code 0
2022/04/08 15:00:39 [notice] 1#1: exit
2022/04/08 15:00:52 [warn] 1#1: conflicting server name "index" on 0.0.0.0:80, ignored
2022/04/08 15:00:52 [warn] 1#1: conflicting server name "index.php" on 0.0.0.0:80, ignored
2022/04/08 15:00:52 [warn] 1#1: conflicting server name "index.html" on 0.0.0.0:80, ignored
2022/04/08 15:00:52 [notice] 1#1: using the "epoll" event method
2022/04/08 15:00:52 [notice] 1#1: nginx/1.21.6
2022/04/08 15:00:52 [notice] 1#1: built by gcc 10.2.1 20210110 (Debian 10.2.1-6) 
2022/04/08 15:00:52 [notice] 1#1: OS: Linux 5.10.104-linuxkit
2022/04/08 15:00:52 [notice] 1#1: getrlimit(RLIMIT_NOFILE): 1048576:1048576
2022/04/08 15:00:52 [notice] 1#1: start worker processes
2022/04/08 15:00:52 [notice] 1#1: start worker process 31
2022/04/08 15:00:52 [notice] 1#1: start worker process 32
2022/04/08 15:13:47 [notice] 1#1: signal 3 (SIGQUIT) received, shutting down
2022/04/08 15:13:47 [notice] 32#32: gracefully shutting down
2022/04/08 15:13:47 [notice] 32#32: exiting
2022/04/08 15:13:47 [notice] 31#31: gracefully shutting down
2022/04/08 15:13:47 [notice] 32#32: exit
2022/04/08 15:13:47 [notice] 31#31: exiting
2022/04/08 15:13:47 [notice] 31#31: exit
2022/04/08 15:13:47 [notice] 1#1: signal 17 (SIGCHLD) received from 32
2022/04/08 15:13:47 [notice] 1#1: worker process 32 exited with code 0
2022/04/08 15:13:47 [notice] 1#1: signal 29 (SIGIO) received
2022/04/08 15:13:47 [notice] 1#1: signal 17 (SIGCHLD) received from 31
2022/04/08 15:13:47 [notice] 1#1: worker process 31 exited with code 0
2022/04/08 15:13:47 [notice] 1#1: exit
2022/04/08 15:13:59 [warn] 1#1: conflicting server name "index" on 0.0.0.0:80, ignored
2022/04/08 15:13:59 [warn] 1#1: conflicting server name "index.php" on 0.0.0.0:80, ignored
2022/04/08 15:13:59 [warn] 1#1: conflicting server name "index.html" on 0.0.0.0:80, ignored
2022/04/08 15:13:59 [notice] 1#1: using the "epoll" event method
2022/04/08 15:13:59 [notice] 1#1: nginx/1.21.6
2022/04/08 15:13:59 [notice] 1#1: built by gcc 10.2.1 20210110 (Debian 10.2.1-6) 
2022/04/08 15:13:59 [notice] 1#1: OS: Linux 5.10.104-linuxkit
2022/04/08 15:13:59 [notice] 1#1: getrlimit(RLIMIT_NOFILE): 1048576:1048576
2022/04/08 15:13:59 [notice] 1#1: start worker processes
2022/04/08 15:13:59 [notice] 1#1: start worker process 30
2022/04/08 15:13:59 [notice] 1#1: start worker process 31
2022/04/08 15:17:32 [notice] 1#1: signal 3 (SIGQUIT) received, shutting down
2022/04/08 15:17:32 [notice] 30#30: gracefully shutting down
2022/04/08 15:17:32 [notice] 30#30: exiting
2022/04/08 15:17:32 [notice] 31#31: gracefully shutting down
2022/04/08 15:17:32 [notice] 30#30: exit
2022/04/08 15:17:32 [notice] 31#31: exiting
2022/04/08 15:17:32 [notice] 31#31: exit
2022/04/08 15:17:32 [notice] 1#1: signal 17 (SIGCHLD) received from 31
2022/04/08 15:17:32 [notice] 1#1: worker process 30 exited with code 0
2022/04/08 15:17:32 [notice] 1#1: worker process 31 exited with code 0
2022/04/08 15:17:32 [notice] 1#1: exit
2022/04/08 15:17:33 [warn] 1#1: conflicting server name "index" on 0.0.0.0:80, ignored
2022/04/08 15:17:33 [warn] 1#1: conflicting server name "index.php" on 0.0.0.0:80, ignored
2022/04/08 15:17:33 [warn] 1#1: conflicting server name "index.html" on 0.0.0.0:80, ignored
2022/04/08 15:17:33 [notice] 1#1: using the "epoll" event method
2022/04/08 15:17:33 [notice] 1#1: nginx/1.21.6
2022/04/08 15:17:33 [notice] 1#1: built by gcc 10.2.1 20210110 (Debian 10.2.1-6) 
2022/04/08 15:17:33 [notice] 1#1: OS: Linux 5.10.104-linuxkit
2022/04/08 15:17:33 [notice] 1#1: getrlimit(RLIMIT_NOFILE): 1048576:1048576
2022/04/08 15:17:33 [notice] 1#1: start worker processes
2022/04/08 15:17:33 [notice] 1#1: start worker process 32
2022/04/08 15:17:33 [notice] 1#1: start worker process 33
2022/04/08 15:17:47 [notice] 1#1: signal 3 (SIGQUIT) received, shutting down
2022/04/08 15:17:47 [notice] 32#32: gracefully shutting down
2022/04/08 15:17:47 [notice] 32#32: exiting
2022/04/08 15:17:47 [notice] 33#33: gracefully shutting down
2022/04/08 15:17:47 [notice] 32#32: exit
2022/04/08 15:17:47 [notice] 33#33: exiting
2022/04/08 15:17:47 [notice] 33#33: exit
2022/04/08 15:17:47 [notice] 1#1: signal 17 (SIGCHLD) received from 32
2022/04/08 15:17:47 [notice] 1#1: worker process 32 exited with code 0
2022/04/08 15:17:47 [notice] 1#1: worker process 33 exited with code 0
2022/04/08 15:17:47 [notice] 1#1: exit
2022/04/08 15:17:48 [warn] 1#1: conflicting server name "index" on 0.0.0.0:80, ignored
2022/04/08 15:17:48 [warn] 1#1: conflicting server name "index.php" on 0.0.0.0:80, ignored
2022/04/08 15:17:48 [warn] 1#1: conflicting server name "index.html" on 0.0.0.0:80, ignored
2022/04/08 15:17:48 [notice] 1#1: using the "epoll" event method
2022/04/08 15:17:48 [notice] 1#1: nginx/1.21.6
2022/04/08 15:17:48 [notice] 1#1: built by gcc 10.2.1 20210110 (Debian 10.2.1-6) 
2022/04/08 15:17:48 [notice] 1#1: OS: Linux 5.10.104-linuxkit
2022/04/08 15:17:48 [notice] 1#1: getrlimit(RLIMIT_NOFILE): 1048576:1048576
2022/04/08 15:17:48 [notice] 1#1: start worker processes
2022/04/08 15:17:48 [notice] 1#1: start worker process 30
2022/04/08 15:17:48 [notice] 1#1: start worker process 31
2022/04/08 15:21:14 [notice] 1#1: signal 3 (SIGQUIT) received, shutting down
2022/04/08 15:21:14 [notice] 30#30: gracefully shutting down
2022/04/08 15:21:14 [notice] 30#30: exiting
2022/04/08 15:21:14 [notice] 31#31: gracefully shutting down
2022/04/08 15:21:14 [notice] 30#30: exit
2022/04/08 15:21:14 [notice] 31#31: exiting
2022/04/08 15:21:14 [notice] 31#31: exit
2022/04/08 15:21:14 [notice] 1#1: signal 17 (SIGCHLD) received from 30
2022/04/08 15:21:14 [notice] 1#1: worker process 30 exited with code 0
2022/04/08 15:21:14 [notice] 1#1: signal 29 (SIGIO) received
2022/04/08 15:21:14 [notice] 1#1: signal 17 (SIGCHLD) received from 31
2022/04/08 15:21:14 [notice] 1#1: worker process 31 exited with code 0
2022/04/08 15:21:14 [notice] 1#1: exit
2022/04/08 15:21:15 [warn] 1#1: conflicting server name "index" on 0.0.0.0:80, ignored
2022/04/08 15:21:15 [warn] 1#1: conflicting server name "index.php" on 0.0.0.0:80, ignored
2022/04/08 15:21:15 [warn] 1#1: conflicting server name "index.html" on 0.0.0.0:80, ignored
2022/04/08 15:21:15 [notice] 1#1: using the "epoll" event method
2022/04/08 15:21:15 [notice] 1#1: nginx/1.21.6
2022/04/08 15:21:15 [notice] 1#1: built by gcc 10.2.1 20210110 (Debian 10.2.1-6) 
2022/04/08 15:21:15 [notice] 1#1: OS: Linux 5.10.104-linuxkit
2022/04/08 15:21:15 [notice] 1#1: getrlimit(RLIMIT_NOFILE): 1048576:1048576
2022/04/08 15:21:15 [notice] 1#1: start worker processes
2022/04/08 15:21:15 [notice] 1#1: start worker process 30
2022/04/08 15:21:15 [notice] 1#1: start worker process 31
2022/04/08 15:22:31 [notice] 1#1: signal 3 (SIGQUIT) received, shutting down
2022/04/08 15:22:31 [notice] 30#30: gracefully shutting down
2022/04/08 15:22:31 [notice] 30#30: exiting
2022/04/08 15:22:31 [notice] 31#31: gracefully shutting down
2022/04/08 15:22:31 [notice] 31#31: exiting
2022/04/08 15:22:31 [notice] 30#30: exit
2022/04/08 15:22:31 [notice] 31#31: exit
2022/04/08 15:22:31 [notice] 1#1: signal 17 (SIGCHLD) received from 30
2022/04/08 15:22:31 [notice] 1#1: worker process 30 exited with code 0
2022/04/08 15:22:31 [notice] 1#1: signal 29 (SIGIO) received
2022/04/08 15:22:31 [notice] 1#1: signal 17 (SIGCHLD) received from 31
2022/04/08 15:22:31 [notice] 1#1: worker process 31 exited with code 0
2022/04/08 15:22:31 [notice] 1#1: exit
2022/04/08 15:22:32 [warn] 1#1: conflicting server name "index" on 0.0.0.0:80, ignored
2022/04/08 15:22:32 [warn] 1#1: conflicting server name "index.php" on 0.0.0.0:80, ignored
2022/04/08 15:22:32 [warn] 1#1: conflicting server name "index.html" on 0.0.0.0:80, ignored
2022/04/08 15:22:32 [notice] 1#1: using the "epoll" event method
2022/04/08 15:22:32 [notice] 1#1: nginx/1.21.6
2022/04/08 15:22:32 [notice] 1#1: built by gcc 10.2.1 20210110 (Debian 10.2.1-6) 
2022/04/08 15:22:32 [notice] 1#1: OS: Linux 5.10.104-linuxkit
2022/04/08 15:22:32 [notice] 1#1: getrlimit(RLIMIT_NOFILE): 1048576:1048576
2022/04/08 15:22:32 [notice] 1#1: start worker processes
2022/04/08 15:22:32 [notice] 1#1: start worker process 31
2022/04/08 15:22:32 [notice] 1#1: start worker process 32
2022/04/08 15:26:27 [notice] 1#1: signal 3 (SIGQUIT) received, shutting down
2022/04/08 15:26:27 [notice] 31#31: gracefully shutting down
2022/04/08 15:26:27 [notice] 31#31: exiting
2022/04/08 15:26:27 [notice] 32#32: gracefully shutting down
2022/04/08 15:26:27 [notice] 31#31: exit
2022/04/08 15:26:27 [notice] 32#32: exiting
2022/04/08 15:26:27 [notice] 32#32: exit
2022/04/08 15:26:27 [notice] 1#1: signal 17 (SIGCHLD) received from 31
2022/04/08 15:26:27 [notice] 1#1: worker process 31 exited with code 0
2022/04/08 15:26:27 [notice] 1#1: signal 17 (SIGCHLD) received from 32
2022/04/08 15:26:27 [notice] 1#1: worker process 32 exited with code 0
2022/04/08 15:26:27 [notice] 1#1: exit
2022/04/08 15:26:28 [warn] 1#1: conflicting server name "index" on 0.0.0.0:80, ignored
2022/04/08 15:26:28 [warn] 1#1: conflicting server name "index.php" on 0.0.0.0:80, ignored
2022/04/08 15:26:28 [warn] 1#1: conflicting server name "index.html" on 0.0.0.0:80, ignored
2022/04/08 15:26:28 [notice] 1#1: using the "epoll" event method
2022/04/08 15:26:28 [notice] 1#1: nginx/1.21.6
2022/04/08 15:26:28 [notice] 1#1: built by gcc 10.2.1 20210110 (Debian 10.2.1-6) 
2022/04/08 15:26:28 [notice] 1#1: OS: Linux 5.10.104-linuxkit
2022/04/08 15:26:28 [notice] 1#1: getrlimit(RLIMIT_NOFILE): 1048576:1048576
2022/04/08 15:26:28 [notice] 1#1: start worker processes
2022/04/08 15:26:28 [notice] 1#1: start worker process 32
2022/04/08 15:26:28 [notice] 1#1: start worker process 33
2022/04/08 15:30:17 [notice] 1#1: signal 3 (SIGQUIT) received, shutting down
2022/04/08 15:30:17 [notice] 33#33: gracefully shutting down
2022/04/08 15:30:17 [notice] 32#32: gracefully shutting down
2022/04/08 15:30:17 [notice] 32#32: exiting
2022/04/08 15:30:17 [notice] 33#33: exiting
2022/04/08 15:30:17 [notice] 32#32: exit
2022/04/08 15:30:17 [notice] 33#33: exit
2022/04/08 15:30:17 [notice] 1#1: signal 17 (SIGCHLD) received from 32
2022/04/08 15:30:17 [notice] 1#1: worker process 32 exited with code 0
2022/04/08 15:30:17 [notice] 1#1: signal 29 (SIGIO) received
2022/04/08 15:30:17 [notice] 1#1: signal 17 (SIGCHLD) received from 33
2022/04/08 15:30:17 [notice] 1#1: worker process 33 exited with code 0
2022/04/08 15:30:17 [notice] 1#1: exit
2022/04/08 15:30:18 [warn] 1#1: conflicting server name "index" on 0.0.0.0:80, ignored
2022/04/08 15:30:18 [warn] 1#1: conflicting server name "index.php" on 0.0.0.0:80, ignored
2022/04/08 15:30:18 [warn] 1#1: conflicting server name "index.html" on 0.0.0.0:80, ignored
2022/04/08 15:30:18 [notice] 1#1: using the "epoll" event method
2022/04/08 15:30:18 [notice] 1#1: nginx/1.21.6
2022/04/08 15:30:18 [notice] 1#1: built by gcc 10.2.1 20210110 (Debian 10.2.1-6) 
2022/04/08 15:30:18 [notice] 1#1: OS: Linux 5.10.104-linuxkit
2022/04/08 15:30:18 [notice] 1#1: getrlimit(RLIMIT_NOFILE): 1048576:1048576
2022/04/08 15:30:18 [notice] 1#1: start worker processes
2022/04/08 15:30:18 [notice] 1#1: start worker process 32
2022/04/08 15:30:18 [notice] 1#1: start worker process 33
2022/04/08 15:33:06 [notice] 1#1: signal 3 (SIGQUIT) received, shutting down
2022/04/08 15:33:06 [notice] 33#33: gracefully shutting down
2022/04/08 15:33:06 [notice] 32#32: gracefully shutting down
2022/04/08 15:33:06 [notice] 32#32: exiting
2022/04/08 15:33:06 [notice] 33#33: exiting
2022/04/08 15:33:06 [notice] 33#33: exit
2022/04/08 15:33:06 [notice] 32#32: exit
2022/04/08 15:33:06 [notice] 1#1: signal 17 (SIGCHLD) received from 33
2022/04/08 15:33:06 [notice] 1#1: worker process 33 exited with code 0
2022/04/08 15:33:06 [notice] 1#1: signal 29 (SIGIO) received
2022/04/08 15:33:06 [notice] 1#1: signal 17 (SIGCHLD) received from 32
2022/04/08 15:33:06 [notice] 1#1: worker process 32 exited with code 0
2022/04/08 15:33:06 [notice] 1#1: exit
2022/04/08 15:33:08 [warn] 1#1: conflicting server name "index" on 0.0.0.0:80, ignored
2022/04/08 15:33:08 [warn] 1#1: conflicting server name "index.php" on 0.0.0.0:80, ignored
2022/04/08 15:33:08 [warn] 1#1: conflicting server name "index.html" on 0.0.0.0:80, ignored
2022/04/08 15:33:08 [notice] 1#1: using the "epoll" event method
2022/04/08 15:33:08 [notice] 1#1: nginx/1.21.6
2022/04/08 15:33:08 [notice] 1#1: built by gcc 10.2.1 20210110 (Debian 10.2.1-6) 
2022/04/08 15:33:08 [notice] 1#1: OS: Linux 5.10.104-linuxkit
2022/04/08 15:33:08 [notice] 1#1: getrlimit(RLIMIT_NOFILE): 1048576:1048576
2022/04/08 15:33:08 [notice] 1#1: start worker processes
2022/04/08 15:33:08 [notice] 1#1: start worker process 30
2022/04/08 15:33:08 [notice] 1#1: start worker process 31
2022/04/08 15:33:28 [notice] 1#1: signal 3 (SIGQUIT) received, shutting down
2022/04/08 15:33:28 [notice] 30#30: gracefully shutting down
2022/04/08 15:33:28 [notice] 31#31: gracefully shutting down
2022/04/08 15:33:28 [notice] 30#30: exiting
2022/04/08 15:33:28 [notice] 31#31: exiting
2022/04/08 15:33:28 [notice] 31#31: exit
2022/04/08 15:33:28 [notice] 30#30: exit
2022/04/08 15:33:28 [notice] 1#1: signal 17 (SIGCHLD) received from 31
2022/04/08 15:33:28 [notice] 1#1: worker process 31 exited with code 0
2022/04/08 15:33:28 [notice] 1#1: signal 29 (SIGIO) received
2022/04/08 15:33:28 [notice] 1#1: signal 17 (SIGCHLD) received from 30
2022/04/08 15:33:28 [notice] 1#1: worker process 30 exited with code 0
2022/04/08 15:33:28 [notice] 1#1: exit
2022/04/08 15:33:29 [warn] 1#1: conflicting server name "index" on 0.0.0.0:80, ignored
2022/04/08 15:33:29 [warn] 1#1: conflicting server name "index.php" on 0.0.0.0:80, ignored
2022/04/08 15:33:29 [warn] 1#1: conflicting server name "index.html" on 0.0.0.0:80, ignored
2022/04/08 15:33:29 [notice] 1#1: using the "epoll" event method
2022/04/08 15:33:29 [notice] 1#1: nginx/1.21.6
2022/04/08 15:33:29 [notice] 1#1: built by gcc 10.2.1 20210110 (Debian 10.2.1-6) 
2022/04/08 15:33:29 [notice] 1#1: OS: Linux 5.10.104-linuxkit
2022/04/08 15:33:29 [notice] 1#1: getrlimit(RLIMIT_NOFILE): 1048576:1048576
2022/04/08 15:33:29 [notice] 1#1: start worker processes
2022/04/08 15:33:29 [notice] 1#1: start worker process 30
2022/04/08 15:33:29 [notice] 1#1: start worker process 31
2022/04/08 15:36:31 [notice] 1#1: signal 3 (SIGQUIT) received, shutting down
2022/04/08 15:36:31 [notice] 30#30: gracefully shutting down
2022/04/08 15:36:31 [notice] 31#31: gracefully shutting down
2022/04/08 15:36:31 [notice] 30#30: exiting
2022/04/08 15:36:31 [notice] 31#31: exiting
2022/04/08 15:36:31 [notice] 30#30: exit
2022/04/08 15:36:31 [notice] 31#31: exit
2022/04/08 15:36:31 [notice] 1#1: signal 17 (SIGCHLD) received from 31
2022/04/08 15:36:31 [notice] 1#1: worker process 31 exited with code 0
2022/04/08 15:36:31 [notice] 1#1: signal 29 (SIGIO) received
2022/04/08 15:36:31 [notice] 1#1: signal 17 (SIGCHLD) received from 30
2022/04/08 15:36:31 [notice] 1#1: worker process 30 exited with code 0
2022/04/08 15:36:31 [notice] 1#1: exit
2022/04/08 15:36:33 [warn] 1#1: conflicting server name "index" on 0.0.0.0:80, ignored
2022/04/08 15:36:33 [warn] 1#1: conflicting server name "index.php" on 0.0.0.0:80, ignored
2022/04/08 15:36:33 [warn] 1#1: conflicting server name "index.html" on 0.0.0.0:80, ignored
2022/04/08 15:36:33 [notice] 1#1: using the "epoll" event method
2022/04/08 15:36:33 [notice] 1#1: nginx/1.21.6
2022/04/08 15:36:33 [notice] 1#1: built by gcc 10.2.1 20210110 (Debian 10.2.1-6) 
2022/04/08 15:36:33 [notice] 1#1: OS: Linux 5.10.104-linuxkit
2022/04/08 15:36:33 [notice] 1#1: getrlimit(RLIMIT_NOFILE): 1048576:1048576
2022/04/08 15:36:33 [notice] 1#1: start worker processes
2022/04/08 15:36:33 [notice] 1#1: start worker process 30
2022/04/08 15:36:33 [notice] 1#1: start worker process 31
2022/04/08 15:38:25 [notice] 1#1: signal 3 (SIGQUIT) received, shutting down
2022/04/08 15:38:25 [notice] 31#31: gracefully shutting down
2022/04/08 15:38:25 [notice] 31#31: exiting
2022/04/08 15:38:25 [notice] 30#30: gracefully shutting down
2022/04/08 15:38:25 [notice] 30#30: exiting
2022/04/08 15:38:25 [notice] 31#31: exit
2022/04/08 15:38:25 [notice] 30#30: exit
2022/04/08 15:38:25 [notice] 1#1: signal 17 (SIGCHLD) received from 31
2022/04/08 15:38:25 [notice] 1#1: worker process 31 exited with code 0
2022/04/08 15:38:25 [notice] 1#1: signal 29 (SIGIO) received
2022/04/08 15:38:25 [notice] 1#1: signal 17 (SIGCHLD) received from 30
2022/04/08 15:38:25 [notice] 1#1: worker process 30 exited with code 0
2022/04/08 15:38:25 [notice] 1#1: exit
2022/04/08 15:38:26 [warn] 1#1: conflicting server name "index" on 0.0.0.0:80, ignored
2022/04/08 15:38:26 [warn] 1#1: conflicting server name "index.php" on 0.0.0.0:80, ignored
2022/04/08 15:38:26 [warn] 1#1: conflicting server name "index.html" on 0.0.0.0:80, ignored
2022/04/08 15:38:26 [notice] 1#1: using the "epoll" event method
2022/04/08 15:38:26 [notice] 1#1: nginx/1.21.6
2022/04/08 15:38:26 [notice] 1#1: built by gcc 10.2.1 20210110 (Debian 10.2.1-6) 
2022/04/08 15:38:26 [notice] 1#1: OS: Linux 5.10.104-linuxkit
2022/04/08 15:38:26 [notice] 1#1: getrlimit(RLIMIT_NOFILE): 1048576:1048576
2022/04/08 15:38:26 [notice] 1#1: start worker processes
2022/04/08 15:38:26 [notice] 1#1: start worker process 30
2022/04/08 15:38:26 [notice] 1#1: start worker process 31
2022/04/08 15:39:02 [notice] 1#1: signal 3 (SIGQUIT) received, shutting down
2022/04/08 15:39:02 [notice] 30#30: gracefully shutting down
2022/04/08 15:39:02 [notice] 30#30: exiting
2022/04/08 15:39:02 [notice] 31#31: gracefully shutting down
2022/04/08 15:39:02 [notice] 31#31: exiting
2022/04/08 15:39:02 [notice] 30#30: exit
2022/04/08 15:39:02 [notice] 31#31: exit
2022/04/08 15:39:02 [notice] 1#1: signal 17 (SIGCHLD) received from 30
2022/04/08 15:39:02 [notice] 1#1: worker process 30 exited with code 0
2022/04/08 15:39:02 [notice] 1#1: signal 29 (SIGIO) received
2022/04/08 15:39:02 [notice] 1#1: signal 17 (SIGCHLD) received from 31
2022/04/08 15:39:02 [notice] 1#1: worker process 31 exited with code 0
2022/04/08 15:39:02 [notice] 1#1: exit
2022/04/08 15:39:17 [warn] 1#1: conflicting server name "index" on 0.0.0.0:80, ignored
2022/04/08 15:39:17 [warn] 1#1: conflicting server name "index.php" on 0.0.0.0:80, ignored
2022/04/08 15:39:17 [warn] 1#1: conflicting server name "index.html" on 0.0.0.0:80, ignored
2022/04/08 15:39:17 [notice] 1#1: using the "epoll" event method
2022/04/08 15:39:17 [notice] 1#1: nginx/1.21.6
2022/04/08 15:39:17 [notice] 1#1: built by gcc 10.2.1 20210110 (Debian 10.2.1-6) 
2022/04/08 15:39:17 [notice] 1#1: OS: Linux 5.10.104-linuxkit
2022/04/08 15:39:17 [notice] 1#1: getrlimit(RLIMIT_NOFILE): 1048576:1048576
2022/04/08 15:39:17 [notice] 1#1: start worker processes
2022/04/08 15:39:17 [notice] 1#1: start worker process 30
2022/04/08 15:39:17 [notice] 1#1: start worker process 31
2022/04/08 15:46:33 [notice] 1#1: signal 3 (SIGQUIT) received, shutting down
2022/04/08 15:46:33 [notice] 31#31: gracefully shutting down
2022/04/08 15:46:33 [notice] 30#30: gracefully shutting down
2022/04/08 15:46:33 [notice] 30#30: exiting
2022/04/08 15:46:33 [notice] 30#30: exit
2022/04/08 15:46:33 [notice] 1#1: signal 17 (SIGCHLD) received from 30
2022/04/08 15:46:33 [notice] 1#1: worker process 30 exited with code 0
2022/04/08 15:46:33 [notice] 1#1: signal 29 (SIGIO) received
2022/04/08 15:46:33 [notice] 31#31: exiting
2022/04/08 15:46:33 [notice] 31#31: exit
2022/04/08 15:46:33 [notice] 1#1: signal 17 (SIGCHLD) received from 31
2022/04/08 15:46:33 [notice] 1#1: worker process 31 exited with code 0
2022/04/08 15:46:33 [notice] 1#1: exit
2022/04/08 15:46:43 [warn] 1#1: conflicting server name "index" on 0.0.0.0:80, ignored
2022/04/08 15:46:43 [warn] 1#1: conflicting server name "index.php" on 0.0.0.0:80, ignored
2022/04/08 15:46:43 [warn] 1#1: conflicting server name "index.html" on 0.0.0.0:80, ignored
2022/04/08 15:46:43 [notice] 1#1: using the "epoll" event method
2022/04/08 15:46:43 [notice] 1#1: nginx/1.21.6
2022/04/08 15:46:43 [notice] 1#1: built by gcc 10.2.1 20210110 (Debian 10.2.1-6) 
2022/04/08 15:46:43 [notice] 1#1: OS: Linux 5.10.104-linuxkit
2022/04/08 15:46:43 [notice] 1#1: getrlimit(RLIMIT_NOFILE): 1048576:1048576
2022/04/08 15:46:43 [notice] 1#1: start worker processes
2022/04/08 15:46:43 [notice] 1#1: start worker process 29
2022/04/08 15:46:43 [notice] 1#1: start worker process 30
2022/04/08 15:48:53 [warn] 1#1: conflicting server name "index" on 0.0.0.0:80, ignored
2022/04/08 15:48:53 [warn] 1#1: conflicting server name "index.php" on 0.0.0.0:80, ignored
2022/04/08 15:48:53 [warn] 1#1: conflicting server name "index.html" on 0.0.0.0:80, ignored
2022/04/08 15:48:53 [notice] 1#1: using the "epoll" event method
2022/04/08 15:48:53 [notice] 1#1: nginx/1.21.6
2022/04/08 15:48:53 [notice] 1#1: built by gcc 10.2.1 20210110 (Debian 10.2.1-6) 
2022/04/08 15:48:53 [notice] 1#1: OS: Linux 5.10.104-linuxkit
2022/04/08 15:48:53 [notice] 1#1: getrlimit(RLIMIT_NOFILE): 1048576:1048576
2022/04/08 15:48:53 [notice] 1#1: start worker processes
2022/04/08 15:48:53 [notice] 1#1: start worker process 30
2022/04/08 15:48:53 [notice] 1#1: start worker process 31
2022/04/08 15:50:01 [warn] 1#1: conflicting server name "index" on 0.0.0.0:80, ignored
2022/04/08 15:50:01 [warn] 1#1: conflicting server name "index.php" on 0.0.0.0:80, ignored
2022/04/08 15:50:01 [warn] 1#1: conflicting server name "index.html" on 0.0.0.0:80, ignored
2022/04/08 15:50:01 [notice] 1#1: using the "epoll" event method
2022/04/08 15:50:01 [notice] 1#1: nginx/1.21.6
2022/04/08 15:50:01 [notice] 1#1: built by gcc 10.2.1 20210110 (Debian 10.2.1-6) 
2022/04/08 15:50:01 [notice] 1#1: OS: Linux 5.10.104-linuxkit
2022/04/08 15:50:01 [notice] 1#1: getrlimit(RLIMIT_NOFILE): 1048576:1048576
2022/04/08 15:50:01 [notice] 1#1: start worker processes
2022/04/08 15:50:01 [notice] 1#1: start worker process 30
2022/04/08 15:50:01 [notice] 1#1: start worker process 31
2022/04/08 15:53:41 [notice] 1#1: signal 3 (SIGQUIT) received, shutting down
2022/04/08 15:53:41 [notice] 30#30: gracefully shutting down
2022/04/08 15:53:41 [notice] 30#30: exiting
2022/04/08 15:53:41 [notice] 31#31: gracefully shutting down
2022/04/08 15:53:41 [notice] 31#31: exiting
2022/04/08 15:53:41 [notice] 30#30: exit
2022/04/08 15:53:41 [notice] 31#31: exit
2022/04/08 15:53:41 [notice] 1#1: signal 17 (SIGCHLD) received from 30
2022/04/08 15:53:41 [notice] 1#1: worker process 30 exited with code 0
2022/04/08 15:53:41 [notice] 1#1: worker process 31 exited with code 0
2022/04/08 15:53:41 [notice] 1#1: exit
2022/04/08 15:54:15 [warn] 1#1: conflicting server name "index" on 0.0.0.0:80, ignored
2022/04/08 15:54:15 [warn] 1#1: conflicting server name "index.php" on 0.0.0.0:80, ignored
2022/04/08 15:54:15 [warn] 1#1: conflicting server name "index.html" on 0.0.0.0:80, ignored
2022/04/08 15:54:15 [notice] 1#1: using the "epoll" event method
2022/04/08 15:54:15 [notice] 1#1: nginx/1.21.6
2022/04/08 15:54:15 [notice] 1#1: built by gcc 10.2.1 20210110 (Debian 10.2.1-6) 
2022/04/08 15:54:15 [notice] 1#1: OS: Linux 5.10.104-linuxkit
2022/04/08 15:54:15 [notice] 1#1: getrlimit(RLIMIT_NOFILE): 1048576:1048576
2022/04/08 15:54:15 [notice] 1#1: start worker processes
2022/04/08 15:54:15 [notice] 1#1: start worker process 31
2022/04/08 15:54:15 [notice] 1#1: start worker process 32
2022/04/08 15:57:22 [warn] 1#1: conflicting server name "index" on 0.0.0.0:80, ignored
2022/04/08 15:57:22 [warn] 1#1: conflicting server name "index.php" on 0.0.0.0:80, ignored
2022/04/08 15:57:22 [warn] 1#1: conflicting server name "index.html" on 0.0.0.0:80, ignored
2022/04/08 15:57:22 [notice] 1#1: using the "epoll" event method
2022/04/08 15:57:22 [notice] 1#1: nginx/1.21.6
2022/04/08 15:57:22 [notice] 1#1: built by gcc 10.2.1 20210110 (Debian 10.2.1-6) 
2022/04/08 15:57:22 [notice] 1#1: OS: Linux 5.10.104-linuxkit
2022/04/08 15:57:22 [notice] 1#1: getrlimit(RLIMIT_NOFILE): 1048576:1048576
2022/04/08 15:57:22 [notice] 1#1: start worker processes
2022/04/08 15:57:22 [notice] 1#1: start worker process 31
2022/04/08 15:57:22 [notice] 1#1: start worker process 32
2022/04/08 16:02:41 [warn] 1#1: conflicting server name "index" on 0.0.0.0:80, ignored
2022/04/08 16:02:41 [warn] 1#1: conflicting server name "index.php" on 0.0.0.0:80, ignored
2022/04/08 16:02:41 [warn] 1#1: conflicting server name "index.html" on 0.0.0.0:80, ignored
2022/04/08 16:02:41 [notice] 1#1: using the "epoll" event method
2022/04/08 16:02:41 [notice] 1#1: nginx/1.21.6
2022/04/08 16:02:41 [notice] 1#1: built by gcc 10.2.1 20210110 (Debian 10.2.1-6) 
2022/04/08 16:02:41 [notice] 1#1: OS: Linux 5.10.104-linuxkit
2022/04/08 16:02:41 [notice] 1#1: getrlimit(RLIMIT_NOFILE): 1048576:1048576
2022/04/08 16:02:41 [notice] 1#1: start worker processes
2022/04/08 16:02:41 [notice] 1#1: start worker process 30
2022/04/08 16:02:41 [notice] 1#1: start worker process 31
2022/04/08 16:06:08 [warn] 1#1: conflicting server name "index" on 0.0.0.0:80, ignored
2022/04/08 16:06:08 [warn] 1#1: conflicting server name "index.php" on 0.0.0.0:80, ignored
2022/04/08 16:06:08 [warn] 1#1: conflicting server name "index.html" on 0.0.0.0:80, ignored
2022/04/08 16:06:08 [notice] 1#1: using the "epoll" event method
2022/04/08 16:06:08 [notice] 1#1: nginx/1.21.6
2022/04/08 16:06:08 [notice] 1#1: built by gcc 10.2.1 20210110 (Debian 10.2.1-6) 
2022/04/08 16:06:08 [notice] 1#1: OS: Linux 5.10.104-linuxkit
2022/04/08 16:06:08 [notice] 1#1: getrlimit(RLIMIT_NOFILE): 1048576:1048576
2022/04/08 16:06:08 [notice] 1#1: start worker processes
2022/04/08 16:06:08 [notice] 1#1: start worker process 30
2022/04/08 16:06:08 [notice] 1#1: start worker process 31
2022/04/08 16:07:10 [warn] 1#1: conflicting server name "index" on 0.0.0.0:80, ignored
2022/04/08 16:07:10 [warn] 1#1: conflicting server name "index.php" on 0.0.0.0:80, ignored
2022/04/08 16:07:10 [warn] 1#1: conflicting server name "index.html" on 0.0.0.0:80, ignored
2022/04/08 16:07:10 [notice] 1#1: using the "epoll" event method
2022/04/08 16:07:10 [notice] 1#1: nginx/1.21.6
2022/04/08 16:07:10 [notice] 1#1: built by gcc 10.2.1 20210110 (Debian 10.2.1-6) 
2022/04/08 16:07:10 [notice] 1#1: OS: Linux 5.10.104-linuxkit
2022/04/08 16:07:10 [notice] 1#1: getrlimit(RLIMIT_NOFILE): 1048576:1048576
2022/04/08 16:07:10 [notice] 1#1: start worker processes
2022/04/08 16:07:10 [notice] 1#1: start worker process 30
2022/04/08 16:07:10 [notice] 1#1: start worker process 31
2022/04/08 16:07:31 [warn] 1#1: conflicting server name "index" on 0.0.0.0:80, ignored
2022/04/08 16:07:31 [warn] 1#1: conflicting server name "index.php" on 0.0.0.0:80, ignored
2022/04/08 16:07:31 [warn] 1#1: conflicting server name "index.html" on 0.0.0.0:80, ignored
2022/04/08 16:07:31 [notice] 1#1: using the "epoll" event method
2022/04/08 16:07:31 [notice] 1#1: nginx/1.21.6
2022/04/08 16:07:31 [notice] 1#1: built by gcc 10.2.1 20210110 (Debian 10.2.1-6) 
2022/04/08 16:07:31 [notice] 1#1: OS: Linux 5.10.104-linuxkit
2022/04/08 16:07:31 [notice] 1#1: getrlimit(RLIMIT_NOFILE): 1048576:1048576
2022/04/08 16:07:31 [notice] 1#1: start worker processes
2022/04/08 16:07:31 [notice] 1#1: start worker process 38
2022/04/08 16:07:31 [notice] 1#1: start worker process 39
2022/04/08 16:09:45 [warn] 1#1: conflicting server name "index" on 0.0.0.0:80, ignored
2022/04/08 16:09:45 [warn] 1#1: conflicting server name "index.php" on 0.0.0.0:80, ignored
2022/04/08 16:09:45 [warn] 1#1: conflicting server name "index.html" on 0.0.0.0:80, ignored
2022/04/08 16:09:45 [notice] 1#1: using the "epoll" event method
2022/04/08 16:09:45 [notice] 1#1: nginx/1.21.6
2022/04/08 16:09:45 [notice] 1#1: built by gcc 10.2.1 20210110 (Debian 10.2.1-6) 
2022/04/08 16:09:45 [notice] 1#1: OS: Linux 5.10.104-linuxkit
2022/04/08 16:09:45 [notice] 1#1: getrlimit(RLIMIT_NOFILE): 1048576:1048576
2022/04/08 16:09:45 [notice] 1#1: start worker processes
2022/04/08 16:09:45 [notice] 1#1: start worker process 31
2022/04/08 16:09:45 [notice] 1#1: start worker process 32
2022/04/08 17:05:26 [notice] 1#1: signal 3 (SIGQUIT) received, shutting down
2022/04/08 17:05:26 [notice] 31#31: gracefully shutting down
2022/04/08 17:05:26 [notice] 32#32: gracefully shutting down
2022/04/08 17:05:26 [notice] 32#32: exiting
2022/04/08 17:05:26 [notice] 31#31: exiting
2022/04/08 17:05:26 [notice] 32#32: exit
2022/04/08 17:05:26 [notice] 31#31: exit
2022/04/08 17:05:26 [notice] 1#1: signal 17 (SIGCHLD) received from 32
2022/04/08 17:05:26 [notice] 1#1: worker process 32 exited with code 0
2022/04/08 17:05:26 [notice] 1#1: signal 29 (SIGIO) received
2022/04/08 17:05:26 [notice] 1#1: signal 17 (SIGCHLD) received from 31
2022/04/08 17:05:26 [notice] 1#1: worker process 31 exited with code 0
2022/04/08 17:05:26 [notice] 1#1: exit
2022/04/08 17:05:36 [warn] 1#1: conflicting server name "index" on 0.0.0.0:80, ignored
2022/04/08 17:05:36 [warn] 1#1: conflicting server name "index.php" on 0.0.0.0:80, ignored
2022/04/08 17:05:36 [warn] 1#1: conflicting server name "index.html" on 0.0.0.0:80, ignored
2022/04/08 17:05:36 [notice] 1#1: using the "epoll" event method
2022/04/08 17:05:36 [notice] 1#1: nginx/1.21.6
2022/04/08 17:05:36 [notice] 1#1: built by gcc 10.2.1 20210110 (Debian 10.2.1-6) 
2022/04/08 17:05:36 [notice] 1#1: OS: Linux 5.10.104-linuxkit
2022/04/08 17:05:36 [notice] 1#1: getrlimit(RLIMIT_NOFILE): 1048576:1048576
2022/04/08 17:05:36 [notice] 1#1: start worker processes
2022/04/08 17:05:36 [notice] 1#1: start worker process 31
2022/04/08 17:05:36 [notice] 1#1: start worker process 32
2022/04/08 17:18:16 [warn] 1#1: conflicting server name "index" on 0.0.0.0:80, ignored
2022/04/08 17:18:16 [warn] 1#1: conflicting server name "index.php" on 0.0.0.0:80, ignored
2022/04/08 17:18:16 [warn] 1#1: conflicting server name "index.html" on 0.0.0.0:80, ignored
2022/04/08 17:18:16 [notice] 1#1: using the "epoll" event method
2022/04/08 17:18:16 [notice] 1#1: nginx/1.21.6
2022/04/08 17:18:16 [notice] 1#1: built by gcc 10.2.1 20210110 (Debian 10.2.1-6) 
2022/04/08 17:18:16 [notice] 1#1: OS: Linux 5.10.104-linuxkit
2022/04/08 17:18:16 [notice] 1#1: getrlimit(RLIMIT_NOFILE): 1048576:1048576
2022/04/08 17:18:16 [notice] 1#1: start worker processes
2022/04/08 17:18:16 [notice] 1#1: start worker process 31
2022/04/08 17:18:16 [notice] 1#1: start worker process 32
2022/04/08 17:28:50 [notice] 1#1: signal 3 (SIGQUIT) received, shutting down
2022/04/08 17:28:50 [notice] 31#31: gracefully shutting down
2022/04/08 17:28:50 [notice] 31#31: exiting
2022/04/08 17:28:50 [notice] 32#32: gracefully shutting down
2022/04/08 17:28:50 [notice] 31#31: exit
2022/04/08 17:28:50 [notice] 32#32: exiting
2022/04/08 17:28:50 [notice] 32#32: exit
2022/04/08 17:28:50 [notice] 1#1: signal 17 (SIGCHLD) received from 31
2022/04/08 17:28:50 [notice] 1#1: worker process 31 exited with code 0
2022/04/08 17:28:50 [notice] 1#1: signal 29 (SIGIO) received
2022/04/08 17:28:50 [notice] 1#1: signal 17 (SIGCHLD) received from 32
2022/04/08 17:28:50 [notice] 1#1: worker process 32 exited with code 0
2022/04/08 17:28:50 [notice] 1#1: exit
2022/04/13 12:39:46 [warn] 1#1: conflicting server name "index" on 0.0.0.0:80, ignored
2022/04/13 12:39:46 [warn] 1#1: conflicting server name "index.php" on 0.0.0.0:80, ignored
2022/04/13 12:39:46 [warn] 1#1: conflicting server name "index.html" on 0.0.0.0:80, ignored
2022/04/13 12:39:46 [notice] 1#1: using the "epoll" event method
2022/04/13 12:39:46 [notice] 1#1: nginx/1.21.6
2022/04/13 12:39:46 [notice] 1#1: built by gcc 10.2.1 20210110 (Debian 10.2.1-6) 
2022/04/13 12:39:46 [notice] 1#1: OS: Linux 5.10.104-linuxkit
2022/04/13 12:39:46 [notice] 1#1: getrlimit(RLIMIT_NOFILE): 1048576:1048576
2022/04/13 12:39:46 [notice] 1#1: start worker processes
2022/04/13 12:39:46 [notice] 1#1: start worker process 31
2022/04/13 12:39:46 [notice] 1#1: start worker process 32
2022/04/16 03:47:46 [notice] 31#31: signal 15 (SIGTERM) received, exiting
2022/04/21 17:24:22 [warn] 1#1: conflicting server name "index" on 0.0.0.0:80, ignored
2022/04/21 17:24:22 [warn] 1#1: conflicting server name "index.php" on 0.0.0.0:80, ignored
2022/04/21 17:24:22 [warn] 1#1: conflicting server name "index.html" on 0.0.0.0:80, ignored
2022/04/21 17:24:22 [notice] 1#1: using the "epoll" event method
2022/04/21 17:24:22 [notice] 1#1: nginx/1.21.6
2022/04/21 17:24:22 [notice] 1#1: built by gcc 10.2.1 20210110 (Debian 10.2.1-6) 
2022/04/21 17:24:22 [notice] 1#1: OS: Linux 5.10.104-linuxkit
2022/04/21 17:24:22 [notice] 1#1: getrlimit(RLIMIT_NOFILE): 1048576:1048576
2022/04/21 17:24:22 [notice] 1#1: start worker processes
2022/04/21 17:24:22 [notice] 1#1: start worker process 32
2022/04/21 17:24:22 [notice] 1#1: start worker process 33
2022/04/26 11:29:33 [notice] 32#32: signal 15 (SIGTERM) received, exiting
2022/04/26 11:29:33 [notice] 32#32: exiting
2022/04/26 11:29:33 [notice] 33#33: signal 15 (SIGTERM) received, exiting
2022/04/26 11:29:33 [notice] 33#33: exiting
2022/04/26 11:29:33 [notice] 33#33: exit
2022/04/26 11:29:33 [notice] 1#1: signal 15 (SIGTERM) received, exiting
2022/04/26 11:29:33 [notice] 32#32: exit
2022/04/26 11:29:33 [notice] 1#1: signal 17 (SIGCHLD) received from 32
2022/04/26 11:29:33 [notice] 1#1: worker process 32 exited with code 0
2022/04/26 11:29:33 [notice] 1#1: signal 14 (SIGALRM) received
2022/04/26 11:29:33 [notice] 1#1: signal 29 (SIGIO) received
2022/04/26 11:29:33 [notice] 1#1: signal 17 (SIGCHLD) received from 33
2022/04/26 11:29:33 [notice] 1#1: worker process 33 exited with code 0
2022/04/26 11:29:33 [notice] 1#1: exit
2022/04/27 12:28:24 [warn] 1#1: conflicting server name "index" on 0.0.0.0:80, ignored
2022/04/27 12:28:24 [warn] 1#1: conflicting server name "index.php" on 0.0.0.0:80, ignored
2022/04/27 12:28:24 [warn] 1#1: conflicting server name "index.html" on 0.0.0.0:80, ignored
2022/04/27 12:28:24 [notice] 1#1: using the "epoll" event method
2022/04/27 12:28:24 [notice] 1#1: nginx/1.21.6
2022/04/27 12:28:24 [notice] 1#1: built by gcc 10.2.1 20210110 (Debian 10.2.1-6) 
2022/04/27 12:28:24 [notice] 1#1: OS: Linux 5.10.104-linuxkit
2022/04/27 12:28:24 [notice] 1#1: getrlimit(RLIMIT_NOFILE): 1048576:1048576
2022/04/27 12:28:24 [notice] 1#1: start worker processes
2022/04/27 12:28:24 [notice] 1#1: start worker process 31
2022/04/27 12:28:24 [notice] 1#1: start worker process 32
2022/04/27 14:36:51 [notice] 1#1: signal 3 (SIGQUIT) received, shutting down
2022/04/27 14:36:51 [notice] 32#32: gracefully shutting down
2022/04/27 14:36:51 [notice] 31#31: gracefully shutting down
2022/04/27 14:36:51 [notice] 32#32: exiting
2022/04/27 14:36:51 [notice] 31#31: exiting
2022/04/27 14:36:51 [notice] 31#31: exit
2022/04/27 14:36:51 [notice] 32#32: exit
2022/04/27 14:36:51 [notice] 1#1: signal 17 (SIGCHLD) received from 31
2022/04/27 14:36:51 [notice] 1#1: worker process 31 exited with code 0
2022/04/27 14:36:51 [notice] 1#1: signal 29 (SIGIO) received
2022/04/27 14:36:51 [notice] 1#1: signal 17 (SIGCHLD) received from 32
2022/04/27 14:36:51 [notice] 1#1: worker process 32 exited with code 0
2022/04/27 14:36:51 [notice] 1#1: exit
2022/04/28 13:03:27 [warn] 1#1: conflicting server name "index" on 0.0.0.0:80, ignored
2022/04/28 13:03:27 [warn] 1#1: conflicting server name "index.php" on 0.0.0.0:80, ignored
2022/04/28 13:03:27 [warn] 1#1: conflicting server name "index.html" on 0.0.0.0:80, ignored
2022/04/28 13:03:27 [notice] 1#1: using the "epoll" event method
2022/04/28 13:03:27 [notice] 1#1: nginx/1.21.6
2022/04/28 13:03:27 [notice] 1#1: built by gcc 10.2.1 20210110 (Debian 10.2.1-6) 
2022/04/28 13:03:27 [notice] 1#1: OS: Linux 5.10.104-linuxkit
2022/04/28 13:03:27 [notice] 1#1: getrlimit(RLIMIT_NOFILE): 1048576:1048576
2022/04/28 13:03:27 [notice] 1#1: start worker processes
2022/04/28 13:03:27 [notice] 1#1: start worker process 31
2022/04/28 13:03:27 [notice] 1#1: start worker process 32
2022/05/02 14:13:21 [notice] 32#32: signal 15 (SIGTERM) received, exiting
2022/05/02 14:13:22 [notice] 32#32: exiting
2022/05/02 14:13:21 [notice] 31#31: signal 15 (SIGTERM) received, exiting
2022/05/03 12:26:28 [warn] 1#1: conflicting server name "index" on 0.0.0.0:80, ignored
2022/05/03 12:26:28 [warn] 1#1: conflicting server name "index.php" on 0.0.0.0:80, ignored
2022/05/03 12:26:28 [warn] 1#1: conflicting server name "index.html" on 0.0.0.0:80, ignored
2022/05/03 12:26:28 [notice] 1#1: using the "epoll" event method
2022/05/03 12:26:28 [notice] 1#1: nginx/1.21.6
2022/05/03 12:26:28 [notice] 1#1: built by gcc 10.2.1 20210110 (Debian 10.2.1-6) 
2022/05/03 12:26:28 [notice] 1#1: OS: Linux 5.10.104-linuxkit
2022/05/03 12:26:28 [notice] 1#1: getrlimit(RLIMIT_NOFILE): 1048576:1048576
2022/05/03 12:26:28 [notice] 1#1: start worker processes
2022/05/03 12:26:28 [notice] 1#1: start worker process 31
2022/05/03 12:26:28 [notice] 1#1: start worker process 32
2022/05/03 18:13:41 [notice] 1#1: signal 3 (SIGQUIT) received, shutting down
2022/05/03 18:13:41 [notice] 31#31: gracefully shutting down
2022/05/03 18:13:41 [notice] 32#32: gracefully shutting down
2022/05/03 18:13:41 [notice] 31#31: exiting
2022/05/03 18:13:41 [notice] 32#32: exiting
2022/05/03 18:13:41 [notice] 32#32: exit
2022/05/03 18:13:41 [notice] 31#31: exit
2022/05/03 18:13:41 [notice] 1#1: signal 17 (SIGCHLD) received from 31
2022/05/03 18:13:41 [notice] 1#1: worker process 31 exited with code 0
2022/05/03 18:13:41 [notice] 1#1: signal 29 (SIGIO) received
2022/05/03 18:13:41 [notice] 1#1: signal 17 (SIGCHLD) received from 32
2022/05/03 18:13:41 [notice] 1#1: worker process 32 exited with code 0
2022/05/03 18:13:41 [notice] 1#1: exit
2022/05/04 15:07:13 [warn] 1#1: conflicting server name "index" on 0.0.0.0:80, ignored
2022/05/04 15:07:13 [warn] 1#1: conflicting server name "index.php" on 0.0.0.0:80, ignored
2022/05/04 15:07:13 [warn] 1#1: conflicting server name "index.html" on 0.0.0.0:80, ignored
2022/05/04 15:07:13 [notice] 1#1: using the "epoll" event method
2022/05/04 15:07:13 [notice] 1#1: nginx/1.21.6
2022/05/04 15:07:13 [notice] 1#1: built by gcc 10.2.1 20210110 (Debian 10.2.1-6) 
2022/05/04 15:07:13 [notice] 1#1: OS: Linux 5.10.104-linuxkit
2022/05/04 15:07:13 [notice] 1#1: getrlimit(RLIMIT_NOFILE): 1048576:1048576
2022/05/04 15:07:13 [notice] 1#1: start worker processes
2022/05/04 15:07:13 [notice] 1#1: start worker process 30
2022/05/04 15:07:13 [notice] 1#1: start worker process 31
2022/05/04 17:22:58 [notice] 1#1: signal 3 (SIGQUIT) received, shutting down
2022/05/04 17:22:58 [notice] 31#31: gracefully shutting down
2022/05/04 17:22:58 [notice] 30#30: gracefully shutting down
2022/05/04 17:22:58 [notice] 31#31: exiting
2022/05/04 17:22:58 [notice] 31#31: exit
2022/05/04 17:22:58 [notice] 30#30: exiting
2022/05/04 17:22:58 [notice] 30#30: exit
2022/05/04 17:22:58 [notice] 1#1: signal 17 (SIGCHLD) received from 31
2022/05/04 17:22:58 [notice] 1#1: worker process 31 exited with code 0
2022/05/04 17:22:58 [notice] 1#1: signal 29 (SIGIO) received
2022/05/04 17:22:58 [notice] 1#1: signal 17 (SIGCHLD) received from 30
2022/05/04 17:22:58 [notice] 1#1: worker process 30 exited with code 0
2022/05/04 17:22:58 [notice] 1#1: exit
